Arguments: 
  /opt/homebrew/Cellar/node/21.6.1/bin/node /usr/local/bin/yarn

PATH: 
  /Users/gosia/.docker/bin:/Library/Frameworks/Python.framework/Versions/3.12/bin:/opt/homebrew/bin:/opt/homebrew/sbin:/usr/local/bin:/usr/bin:/bin:/usr/sbin:/sbin:/usr/local/share/dotnet:~/.dotnet/tools:/Library/Apple/usr/bin:/Users/gosia/.docker/bin:/Library/Frameworks/Python.framework/Versions/3.12/bin:/opt/homebrew/bin:/opt/homebrew/sbin:/Applications/Flutter/flutter/bin:/Users/gosia/Users/gosia/leanconvert/stuff/command-line-api/bin:/Applications/Flutter/flutter/bin:/Users/gosia/Users/gosia/leanconvert/stuff/command-line-api/bin

Yarn version: 
  1.22.19

Node version: 
  21.6.1

Platform: 
  darwin arm64

Trace: 
  SyntaxError: /Users/gosia/gosia-learining/test2/package.json: Expected property name or '}' in JSON at position 1256 (line 45 column 5)
      at JSON.parse (<anonymous>)
      at /usr/local/lib/node_modules/yarn/lib/cli.js:1629:59
      at Generator.next (<anonymous>)
      at step (/usr/local/lib/node_modules/yarn/lib/cli.js:310:30)
      at /usr/local/lib/node_modules/yarn/lib/cli.js:321:13

npm manifest: 
  {
    "name": "test2",
    "version": "1.0.0",
    "description": "",
    "main": "test.js",
    "scripts": {
      "start": "gulp watch",
      "test": "echo \"Error: no test specified\" && exit 1"
    },
    "keywords": [],
    "author": "",
    "license": "ISC",
    "devDependencies": {
      "@babel/core": "^7.22.9",
      "@babel/preset-env": "^7.22.9",
      "@rollup/plugin-babel": "^6.0.3",
      "@rollup/plugin-node-resolve": "^15.1.0",
      "@rollup/plugin-replace": "^5.0.2",
      "@rollup/plugin-terser": "^0.4.0",
      "autoprefixer": "^10.4.14",
      "colors": "^1.4.0",
      "eslint": "^8.45.0",
      "gulp": "^4.0.2",
      "gulp-concat": "^2.6.1",
      "gulp-eslint-new": "^1.8.2",
      "gulp-html-prettify": "^0.0.1",
      "gulp-if": "^3.0.0",
      "gulp-rename": "^2.0.0",
      "gulp-wrap": "^0.15.0",
      "npmlog": "^7.0.1",
      "plugin-error": "^2.0.1",
      "posthtml-include": "^1.7.4",
      "rollup": "^3.26.3",
      "rollup-plugin-html": "^0.2.1",
      "rollup-plugin-insert": "^1.3.2",
      "rollup-plugin-postcss": "^4.0.2",
      "rollup-plugin-posthtml-template": "^1.3.0",
      "rollup-plugin-prettier": "^3.0.0",
      "rollup-plugin-svg-import": "^2.0.0",
      "streamqueue": "^1.1.2",
      "sass": "^1.69.5",
      "vinyl-sourcemaps-apply": "^0.2.1"
    },
    "dependencies": {
      // "@rollup/plugin-commonjs": "^24.0.1",
      "@rollup/plugin-node-resolve": "13.0.8",
      "@rollup/plugin-replace": "^5.0.2",
      "@rollup/pluginutils": "^5.0.2",
      "@types/resolve": "^1.20.2",
      "react": "^18.2.0",
      "react-dom": "^18.2.0",
      "react-html-parser": "^2.0.2",
      "styled-components": "^5.3.9"
    }
  }

yarn manifest: 
  No manifest

Lockfile: 
  No lockfile
